Vivado Simulator 2019.2
Time resolution is 1 ps
11

bit_cnt=
          0
CASE DEFAULT ERROR!!!
SR_IN=
11

bit_cnt=
          1
CASE DEFAULT ERROR!!!
SR_IN=
 7

bit_cnt=
          1
CASE DEFAULT ERROR!!!
SR_IN=
15

bit_cnt=
          1
CASE DEFAULT ERROR!!!
SR_IN=
15

bit_cnt=
          1
CASE DEFAULT ERROR!!!
SR_IN=
15

bit_cnt=
          1
CASE DEFAULT ERROR!!!
SR_IN=
14

bit_cnt=
          1
CASE DEFAULT ERROR!!!
SR_IN=
13

bit_cnt=
          1
CASE DEFAULT ERROR!!!
SR_IN=
11

bit_cnt=
          1
CASE DEFAULT ERROR!!!
SR_IN=
 7

bit_cnt=
          1
CASE DEFAULT ERROR!!!
SR_IN=
15

bit_cnt=
          1
CASE DEFAULT ERROR!!!
SR_IN=
14

bit_cnt=
          1
CASE DEFAULT ERROR!!!
SR_IN=
13

bit_cnt=
          1
