Vivado Simulator 2019.2
Time resolution is 1 ps

DEFAULT 1st 4 bits case
CASE DEFAULT ERROR!!!
SR_IN=

bit_cnt=
CASE DEFAULT ERROR!!!
SR_IN=

bit_cnt=
CASE DEFAULT ERROR!!!
SR_IN=

bit_cnt=
CASE DEFAULT ERROR!!!
SR_IN=

bit_cnt=
CASE DEFAULT ERROR!!!
SR_IN=

bit_cnt=
CASE DEFAULT ERROR!!!
SR_IN=

bit_cnt=
CASE DEFAULT ERROR!!!
SR_IN=

bit_cnt=
CASE DEFAULT ERROR!!!
SR_IN=

bit_cnt=
CASE DEFAULT ERROR!!!
SR_IN=

bit_cnt=
CASE DEFAULT ERROR!!!
SR_IN=

bit_cnt=
CASE DEFAULT ERROR!!!
SR_IN=

bit_cnt=
